#-----------------------------------------------------------
# Vivado v2020.2 (64-bit)
# SW Build 3064766 on Wed Nov 18 09:12:45 MST 2020
# IP Build 3064653 on Wed Nov 18 14:17:31 MST 2020
# Start of session at: Tue Mar 25 23:24:57 2025
# Process ID: 18736
# Current directory: D:/Mtech/Vivado/Averages
# Command line: vivado.exe -gui_launcher_event rodinguilauncherevent18196 D:\Mtech\Vivado\Averages\Averages.xpr
# Log file: D:/Mtech/Vivado/Averages/vivado.log
# Journal file: D:/Mtech/Vivado/Averages\vivado.jou
#-----------------------------------------------------------
start_gui
open_project D:/Mtech/Vivado/Averages/Averages.xpr
WARNING: [filemgmt 56-3] Default IP Output Path : Could not find the directory 'D:/Mtech/Vivado/Averages/Averages.gen/sources_1'.
Scanning sources...
Finished scanning sources
INFO: [IP_Flow 19-234] Refreshing IP repositories
INFO: [IP_Flow 19-1704] No user IP repositories specified
INFO: [IP_Flow 19-2313] Loaded Vivado IP repository 'C:/Xilinx/Vivado/2020.2/data/ip'.
exit
INFO: [Common 17-206] Exiting Vivado at Tue Mar 25 23:25:28 2025...
